1724043194390	geckodriver	INFO	Listening on 127.0.0.1:64638
1724043197487	mozrunner::runner	INFO	Running command: "C:\\Program Files\\Mozilla Firefox\\firefox.exe" "--marionette" "--remote-debugging-port" "64639" "--remote-allow-hosts" "localhost" "-no-remote" "-profile" "C:\\Users\\User\\AppData\\Local\\Temp\\rust_mozprofileZDQi9D"
console.warn: services.settings: Ignoring preference override of remote settings server
console.warn: services.settings: Allow by setting MOZ_REMOTE_SETTINGS_DEVTOOLS=1 in the environment
Dynamically enable window occlusion 0
1724043197848	Marionette	INFO	Marionette enabled
1724043198040	Marionette	INFO	Listening on port 64646
WebDriver BiDi listening on ws://127.0.0.1:64639
Read port: 64646
1724043198206	RemoteAgent	WARN	TLS certificate errors will be ignored for this session
DevTools listening on ws://127.0.0.1:64639/devtools/browser/83d2ea77-5151-483e-9f28-c1dfe10e7b80
console.warn: LoginRecipes: "Falling back to a synchronous message for: https://accounts.google.com."
1724043227890	addons.xpi	ERROR	System addon update list error SyntaxError: XMLHttpRequest.open: 'http://%(server)s/dummy-system-addons.xml' is not a valid URL.
JavaScript error: chrome://browser/content/preferences/moreFromMozilla.js, line 83: TypeError: Region.home is null
console.error: (new SyntaxError("XMLHttpRequest.open: 'http://%(server)s/extensions-dummy/repositoryGetURL' is not a valid URL.", (void 0), 133))
JavaScript warning: https://accounts.google.com/v3/signin/identifier?continue=https%3A%2F%2Fmail.google.com%2Fmail%2Fu%2F0%2F&emr=1&followup=https%3A%2F%2Fmail.google.com%2Fmail%2Fu%2F0%2F&ifkv=Ab5oB3oBu1bt3cr-_vteNN4k8gcs3tkHyobZ8My72ZOS2Eb9kS2LefD2bqvdCiiNCB-Iuj8JUffp&osid=1&passive=1209600&service=mail&flowName=GlifWebSignIn&flowEntry=ServiceLogin&dsh=S-1171027847%3A1724043200187375&ddm=0 line 844 > injectedScript line 2 > eval line 6898 > eval line 1 > eval line 1 > eval, line 1: Script terminated by timeout at:
J@https://accounts.google.com/v3/signin/identifier?continue=https%3A%2F%2Fmail.google.com%2Fmail%2Fu%2F0%2F&emr=1&followup=https%3A%2F%2Fmail.google.com%2Fmail%2Fu%2F0%2F&ifkv=Ab5oB3oBu1bt3cr-_vteNN4k8gcs3tkHyobZ8My72ZOS2Eb9kS2LefD2bqvdCiiNCB-Iuj8JUffp&osid=1&passive=1209600&service=mail&flowName=GlifWebSignIn&flowEntry=ServiceLogin&dsh=S-1171027847%3A1724043200187375&ddm=0 line 844 > injectedScript line 2 > eval line 6898 > eval line 1 > eval line 1 > eval:1:24
Q2@https://accounts.google.com/v3/signin/identifier?continue=https%3A%2F%2Fmail.google.com%2Fmail%2Fu%2F0%2F&emr=1&followup=https%3A%2F%2Fmail.google.com%2Fmail%2Fu%2F0%2F&ifkv=Ab5oB3oBu1bt3cr-_vteNN4k8gcs3tkHyobZ8My72ZOS2Eb9kS2LefD2bqvdCiiNCB-Iuj8JUffp&osid=1&passive=1209600&service=mail&flowName=GlifWebSignIn&flowEntry=ServiceLogin&dsh=S-1171027847%3A1724043200187375&ddm=0 line 844 > injectedScript line 2 > eval line 6898 > eval line 1 > eval line 1 > eval:1:156
V2@https://accounts.google.com/v3/signin/identifier?continue=https%3A%2F%2Fmail.google.com%2Fmail%2Fu%2F0%2F&emr=1&followup=https%3A%2F%2Fmail.google.com%2Fmail%2Fu%2F0%2F&ifkv=Ab5oB3oBu1bt3cr-_vteNN4k8gcs3tkHyobZ8My72ZOS2Eb9kS2LefD2bqvdCiiNCB-Iuj8JUffp&osid=1&passive=1209600&service=mail&flowName=GlifWebSignIn&flowEntry=ServiceLogin&dsh=S-1171027847%3A1724043200187375&ddm=0 line 844 > injectedScript line 2 > eval line 6898 > eval line 1 > eval line 1 > eval:1:45
P.J</<@https://accounts.google.com/v3/signin/identifier?continue=https%3A%2F%2Fmail.google.com%2Fmail%2Fu%2F0%2F&emr=1&followup=https%3A%2F%2Fmail.google.com%2Fmail%2Fu%2F0%2F&ifkv=Ab5oB3oBu1bt3cr-_vteNN4k8gcs3tkHyobZ8My72ZOS2Eb9kS2LefD2bqvdCiiNCB-Iuj8JUffp&osid=1&passive=1209600&service=mail&flowName=GlifWebSignIn&flowEntry=ServiceLogin&dsh=S-1171027847%3A1724043200187375&ddm=0 line 844 > injectedScript line 2 > eval:6898:51827
CF@https://accounts.google.com/v3/signin/identifier?continue=https%3A%2F%2Fmail.google.com%2Fmail%2Fu%2F0%2F&emr=1&followup=https%3A%2F%2Fmail.google.com%2Fmail%2Fu%2F0%2F&ifkv=Ab5oB3oBu1bt3cr-_vteNN4k8gcs3tkHyobZ8My72ZOS2Eb9kS2LefD2bqvdCiiNCB-Iuj8JUffp&osid=1&passive=1209600&service=mail&flowName=GlifWebSignIn&flowEntry=ServiceLogin&dsh=S-1171027847%3A1724043200187375&ddm=0 line 844 > injectedScript line 2 > eval:6898:23559
Ei@https://accounts.google.com/v3/signin/identifier?continue=https%3A%2F%2Fmail.google.com%2Fmail%2Fu%2F0%2F&emr=1&followup=https%3A%2F%2Fmail.google.com%2Fmail%2Fu%2F0%2F&ifkv=Ab5oB3oBu1bt3cr-_vteNN4k8gcs3tkHyobZ8My72ZOS2Eb9kS2LefD2bqvdCiiNCB-Iuj8JUffp&osid=1&passive=1209600&service=mail&flowName=GlifWebSignIn&flowEntry=ServiceLogin&dsh=S-1171027847%3A1724043200187375&ddm=0 line 844 > injectedScript line 2 > eval:6898:13159
m@https://accounts.google.com/v3/signin/identifier?continue=https%3A%2F%2Fmail.google.com%2Fmail%2Fu%2F0%2F&emr=1&followup=https%3A%2F%2Fmail.google.com%2Fmail%2Fu%2F0%2F&ifkv=Ab5oB3oBu1bt3cr-_vteNN4k8gcs3tkHyobZ8My72ZOS2Eb9kS2LefD2bqvdCiiNCB-Iuj8JUffp&osid=1&passive=1209600&service=mail&flowName=GlifWebSignIn&flowEntry=ServiceLogin&dsh=S-1171027847%3A1724043200187375&ddm=0 line 844 > injectedScript line 2 > eval:6898:14316
g@https://accounts.google.com/v3/signin/identifier?continue=https%3A%2F%2Fmail.google.com%2Fmail%2Fu%2F0%2F&emr=1&followup=https%3A%2F%2Fmail.google.com%2Fmail%2Fu%2F0%2F&ifkv=Ab5oB3oBu1bt3cr-_vteNN4k8gcs3tkHyobZ8My72ZOS2Eb9kS2LefD2bqvdCiiNCB-Iuj8JUffp&osid=1&passive=1209600&service=mail&flowName=GlifWebSignIn&flowEntry=ServiceLogin&dsh=S-1171027847%3A1724043200187375&ddm=0 line 844 > injectedScript line 2 > eval line 6898 > eval line 1 > eval line 1 > eval:1:294

1724043772486	Marionette	INFO	Stopped listening on port 64646
Dynamically enable window occlusion 1
